22:41:04.043 [main] INFO  testCases.TC_001_AccountRegistrationtest - ***Starting TC_001_account_registration ***
22:41:04.115 [main] INFO  testCases.TC_001_AccountRegistrationtest - clicked on myaccount
22:41:04.390 [main] INFO  testCases.TC_001_AccountRegistrationtest - clicked on register
22:41:04.393 [main] INFO  testCases.TC_001_AccountRegistrationtest - providing customer data
22:41:05.264 [main] INFO  testCases.TC_001_AccountRegistrationtest - clicked on continue
22:41:05.328 [main] INFO  testCases.TC_001_AccountRegistrationtest - validating expected message
22:41:05.329 [main] INFO  testCases.TC_001_AccountRegistrationtest - ***Finished TC_001_account_registration ***
22:42:59.305 [main] DEBUG io.netty.util.internal.logging.InternalLoggerFactory - Using Log4J2 as the default logging framework
22:42:59.313 [main] DEBUG io.netty.util.ResourceLeakDetector - -Dio.netty.leakDetection.level: simple
22:42:59.313 [main] DEBUG io.netty.util.ResourceLeakDetector - -Dio.netty.leakDetection.targetRecords: 4
22:42:59.317 [main] DEBUG io.netty.util.ResourceLeakDetectorFactory - Loaded default ResourceLeakDetector: io.netty.util.ResourceLeakDetector@7ce9e05a
22:42:59.331 [main] DEBUG io.netty.util.internal.PlatformDependent0 - -Dio.netty.noUnsafe: false
22:42:59.331 [main] DEBUG io.netty.util.internal.PlatformDependent0 - Java version: 11
22:42:59.332 [main] DEBUG io.netty.util.internal.PlatformDependent0 - sun.misc.Unsafe.theUnsafe: available
22:42:59.333 [main] DEBUG io.netty.util.internal.PlatformDependent0 - sun.misc.Unsafe.copyMemory: available
22:42:59.333 [main] DEBUG io.netty.util.internal.PlatformDependent0 - sun.misc.Unsafe.storeFence: available
22:42:59.334 [main] DEBUG io.netty.util.internal.PlatformDependent0 - java.nio.Buffer.address: available
22:42:59.334 [main] DEBUG io.netty.util.internal.PlatformDependent0 - direct buffer constructor: unavailable: Reflective setAccessible(true) disabled
22:42:59.335 [main] DEBUG io.netty.util.internal.PlatformDependent0 - java.nio.Bits.unaligned: available, true
22:42:59.336 [main] DEBUG io.netty.util.internal.PlatformDependent0 - jdk.internal.misc.Unsafe.allocateUninitializedArray(int): unavailable: class io.netty.util.internal.PlatformDependent0$7 cannot access class jdk.internal.misc.Unsafe (in module java.base) because module java.base does not export jdk.internal.misc to unnamed module @6f38a289
22:42:59.336 [main] DEBUG io.netty.util.internal.PlatformDependent0 - java.nio.DirectByteBuffer.<init>(long, int): unavailable
22:42:59.336 [main] DEBUG io.netty.util.internal.PlatformDependent - sun.misc.Unsafe: available
22:42:59.337 [main] DEBUG io.netty.util.internal.PlatformDependent - maxDirectMemory: 4294967296 bytes (maybe)
22:42:59.337 [main] DEBUG io.netty.util.internal.PlatformDependent - -Dio.netty.tmpdir: /var/folders/py/vptyv9yd5_99f111wd8hrxzw0000gn/T (java.io.tmpdir)
22:42:59.338 [main] DEBUG io.netty.util.internal.PlatformDependent - -Dio.netty.bitMode: 64 (sun.arch.data.model)
22:42:59.338 [main] DEBUG io.netty.util.internal.PlatformDependent - Platform: MacOS
22:42:59.338 [main] DEBUG io.netty.util.internal.PlatformDependent - -Dio.netty.maxDirectMemory: -1 bytes
22:42:59.338 [main] DEBUG io.netty.util.internal.PlatformDependent - -Dio.netty.uninitializedArrayAllocationThreshold: -1
22:42:59.339 [main] DEBUG io.netty.util.internal.CleanerJava9 - java.nio.ByteBuffer.cleaner(): available
22:42:59.339 [main] DEBUG io.netty.util.internal.PlatformDependent - -Dio.netty.noPreferDirect: false
22:42:59.349 [main] DEBUG io.netty.util.internal.PlatformDependent - org.jctools-core.MpscChunkedArrayQueue: available
22:42:59.368 [main] DEBUG io.netty.util.internal.InternalThreadLocalMap - -Dio.netty.threadLocalMap.stringBuilder.initialSize: 1024
22:42:59.368 [main] DEBUG io.netty.util.internal.InternalThreadLocalMap - -Dio.netty.threadLocalMap.stringBuilder.maxSize: 4096
22:42:59.390 [main] DEBUG io.netty.handler.ssl.JdkSslContext - Default protocols (JDK): [TLSv1.3, TLSv1.2] 
22:42:59.390 [main] DEBUG io.netty.handler.ssl.JdkSslContext - Default cipher suites (JDK): [TLS_ECDHE_ECDSA_WITH_AES_256_GCM_SHA384, TLS_ECDHE_ECDSA_WITH_AES_128_GCM_SHA256, TLS_ECDHE_RSA_WITH_AES_128_GCM_SHA256, TLS_ECDHE_RSA_WITH_AES_256_GCM_SHA384, TLS_ECDHE_RSA_WITH_AES_128_CBC_SHA, TLS_ECDHE_RSA_WITH_AES_256_CBC_SHA, TLS_RSA_WITH_AES_128_GCM_SHA256, TLS_RSA_WITH_AES_128_CBC_SHA, TLS_RSA_WITH_AES_256_CBC_SHA, TLS_AES_128_GCM_SHA256, TLS_AES_256_GCM_SHA384]
22:42:59.431 [main] DEBUG io.netty.channel.MultithreadEventLoopGroup - -Dio.netty.eventLoopThreads: 8
22:42:59.443 [main] DEBUG io.netty.channel.nio.NioEventLoop - -Dio.netty.noKeySetOptimization: false
22:42:59.444 [main] DEBUG io.netty.channel.nio.NioEventLoop - -Dio.netty.selectorAutoRebuildThreshold: 512
22:42:59.469 [main] DEBUG io.netty.buffer.PooledByteBufAllocator - -Dio.netty.allocator.numHeapArenas: 8
22:42:59.469 [main] DEBUG io.netty.buffer.PooledByteBufAllocator - -Dio.netty.allocator.numDirectArenas: 8
22:42:59.469 [main] DEBUG io.netty.buffer.PooledByteBufAllocator - -Dio.netty.allocator.pageSize: 8192
22:42:59.469 [main] DEBUG io.netty.buffer.PooledByteBufAllocator - -Dio.netty.allocator.maxOrder: 9
22:42:59.469 [main] DEBUG io.netty.buffer.PooledByteBufAllocator - -Dio.netty.allocator.chunkSize: 4194304
22:42:59.469 [main] DEBUG io.netty.buffer.PooledByteBufAllocator - -Dio.netty.allocator.smallCacheSize: 256
22:42:59.469 [main] DEBUG io.netty.buffer.PooledByteBufAllocator - -Dio.netty.allocator.normalCacheSize: 64
22:42:59.469 [main] DEBUG io.netty.buffer.PooledByteBufAllocator - -Dio.netty.allocator.maxCachedBufferCapacity: 32768
22:42:59.469 [main] DEBUG io.netty.buffer.PooledByteBufAllocator - -Dio.netty.allocator.cacheTrimInterval: 8192
22:42:59.469 [main] DEBUG io.netty.buffer.PooledByteBufAllocator - -Dio.netty.allocator.cacheTrimIntervalMillis: 0
22:42:59.469 [main] DEBUG io.netty.buffer.PooledByteBufAllocator - -Dio.netty.allocator.useCacheForAllThreads: false
22:42:59.469 [main] DEBUG io.netty.buffer.PooledByteBufAllocator - -Dio.netty.allocator.maxCachedByteBuffersPerChunk: 1023
22:42:59.477 [main] DEBUG io.netty.buffer.ByteBufUtil - -Dio.netty.allocator.type: pooled
22:42:59.477 [main] DEBUG io.netty.buffer.ByteBufUtil - -Dio.netty.threadLocalDirectBufferSize: 0
22:42:59.477 [main] DEBUG io.netty.buffer.ByteBufUtil - -Dio.netty.maxThreadLocalCharBufferSize: 16384
22:42:59.729 [Forwarding newSession on session null to remote] DEBUG io.netty.channel.DefaultChannelId - -Dio.netty.processId: 54369 (auto-detected)
22:42:59.731 [Forwarding newSession on session null to remote] DEBUG io.netty.util.NetUtil - -Djava.net.preferIPv4Stack: false
22:42:59.731 [Forwarding newSession on session null to remote] DEBUG io.netty.util.NetUtil - -Djava.net.preferIPv6Addresses: false
22:42:59.736 [Forwarding newSession on session null to remote] DEBUG io.netty.util.NetUtilInitializations - Loopback interface: lo0 (lo0, 0:0:0:0:0:0:0:1%lo0)
22:42:59.737 [Forwarding newSession on session null to remote] DEBUG io.netty.util.NetUtil - Failed to get SOMAXCONN from sysctl and file /proc/sys/net/core/somaxconn. Default: 128
22:42:59.739 [Forwarding newSession on session null to remote] DEBUG io.netty.channel.DefaultChannelId - -Dio.netty.machineId: f0:18:98:ff:fe:3a:5d:4e (auto-detected)
22:42:59.808 [AsyncHttpClient-1-2] DEBUG io.netty.buffer.AbstractByteBuf - -Dio.netty.buffer.checkAccessible: true
22:42:59.808 [AsyncHttpClient-1-2] DEBUG io.netty.buffer.AbstractByteBuf - -Dio.netty.buffer.checkBounds: true
22:42:59.809 [AsyncHttpClient-1-2] DEBUG io.netty.util.ResourceLeakDetectorFactory - Loaded default ResourceLeakDetector: io.netty.util.ResourceLeakDetector@429ef368
22:42:59.827 [AsyncHttpClient-1-2] DEBUG io.netty.util.Recycler - -Dio.netty.recycler.maxCapacityPerThread: 4096
22:42:59.827 [AsyncHttpClient-1-2] DEBUG io.netty.util.Recycler - -Dio.netty.recycler.ratio: 8
22:42:59.828 [AsyncHttpClient-1-2] DEBUG io.netty.util.Recycler - -Dio.netty.recycler.chunkSize: 32
22:42:59.828 [AsyncHttpClient-1-2] DEBUG io.netty.util.Recycler - -Dio.netty.recycler.blocking: false
22:43:01.261 [AsyncHttpClient-1-2] DEBUG io.netty.handler.codec.compression.Brotli - brotli4j not in the classpath; Brotli support will be unavailable.
22:43:01.409 [main] DEBUG io.netty.util.internal.ThreadLocalRandom - -Dio.netty.initialSeedUniquifier: 0x0460b1ed5857b04e
22:43:06.970 [main] DEBUG testCases.TC_001_AccountRegistrationtest - application log...
22:43:06.971 [main] INFO  testCases.TC_001_AccountRegistrationtest - ***Starting TC_001_account_registration ***
22:43:07.040 [main] INFO  testCases.TC_001_AccountRegistrationtest - clicked on myaccount
22:43:07.401 [main] INFO  testCases.TC_001_AccountRegistrationtest - clicked on register
22:43:07.404 [main] INFO  testCases.TC_001_AccountRegistrationtest - providing customer data
22:43:08.220 [main] INFO  testCases.TC_001_AccountRegistrationtest - clicked on continue
22:43:08.251 [main] INFO  testCases.TC_001_AccountRegistrationtest - validating expected message
22:43:08.253 [main] INFO  testCases.TC_001_AccountRegistrationtest - ***Finished TC_001_account_registration ***
15:49:19.461 [main] INFO  testCases.TC_001_AccountRegistrationtest - ***Starting TC_001_account_registration ***
15:49:19.528 [main] INFO  testCases.TC_001_AccountRegistrationtest - clicked on myaccount
15:49:19.796 [main] INFO  testCases.TC_001_AccountRegistrationtest - clicked on register
15:49:19.798 [main] INFO  testCases.TC_001_AccountRegistrationtest - providing customer data
15:49:20.532 [main] INFO  testCases.TC_001_AccountRegistrationtest - clicked on continue
15:49:20.566 [main] INFO  testCases.TC_001_AccountRegistrationtest - validating expected message
15:49:20.567 [main] INFO  testCases.TC_001_AccountRegistrationtest - ***Finished TC_001_account_registration ***
16:16:15.663 [main] INFO  testCases.TC_001_AccountRegistrationtest - ***Starting TC_001_account_registration ***
16:16:15.728 [main] INFO  testCases.TC_001_AccountRegistrationtest - clicked on myaccount
16:16:15.976 [main] INFO  testCases.TC_001_AccountRegistrationtest - clicked on register
16:16:15.979 [main] INFO  testCases.TC_001_AccountRegistrationtest - providing customer data
16:16:16.712 [main] INFO  testCases.TC_001_AccountRegistrationtest - clicked on continue
16:16:16.747 [main] INFO  testCases.TC_001_AccountRegistrationtest - validating expected message
16:16:16.748 [main] INFO  testCases.TC_001_AccountRegistrationtest - ***Finished TC_001_account_registration ***
16:16:57.530 [main] INFO  testCases.TC_001_AccountRegistrationtest - ***Starting TC_001_account_registration ***
16:16:57.606 [main] INFO  testCases.TC_001_AccountRegistrationtest - clicked on myaccount
16:16:57.839 [main] INFO  testCases.TC_001_AccountRegistrationtest - clicked on register
16:16:57.840 [main] INFO  testCases.TC_001_AccountRegistrationtest - providing customer data
16:16:58.538 [main] INFO  testCases.TC_001_AccountRegistrationtest - clicked on continue
16:16:58.573 [main] INFO  testCases.TC_001_AccountRegistrationtest - validating expected message
16:16:58.574 [main] INFO  testCases.TC_001_AccountRegistrationtest - ***Finished TC_001_account_registration ***
16:27:57.481 [TestNG-tests-2] INFO  testCases.TC_001_AccountRegistrationtest - ***Starting TC_001_account_registration ***
16:27:57.593 [TestNG-tests-2] INFO  testCases.TC_001_AccountRegistrationtest - clicked on myaccount
16:27:57.849 [TestNG-tests-2] INFO  testCases.TC_001_AccountRegistrationtest - clicked on register
16:27:57.852 [TestNG-tests-2] INFO  testCases.TC_001_AccountRegistrationtest - providing customer data
16:27:58.631 [TestNG-tests-2] INFO  testCases.TC_001_AccountRegistrationtest - clicked on continue
16:27:58.690 [TestNG-tests-2] INFO  testCases.TC_001_AccountRegistrationtest - validating expected message
16:27:58.692 [TestNG-tests-2] INFO  testCases.TC_001_AccountRegistrationtest - ***Finished TC_001_account_registration ***
16:28:05.358 [TestNG-tests-1] INFO  testCases.TC_001_AccountRegistrationtest - ***Starting TC_001_account_registration ***
16:28:05.427 [TestNG-tests-1] INFO  testCases.TC_001_AccountRegistrationtest - clicked on myaccount
16:28:05.739 [TestNG-tests-1] INFO  testCases.TC_001_AccountRegistrationtest - clicked on register
16:28:05.742 [TestNG-tests-1] INFO  testCases.TC_001_AccountRegistrationtest - providing customer data
16:28:06.467 [TestNG-tests-1] INFO  testCases.TC_001_AccountRegistrationtest - clicked on continue
16:28:06.512 [TestNG-tests-1] INFO  testCases.TC_001_AccountRegistrationtest - validating expected message
16:28:06.512 [TestNG-tests-1] INFO  testCases.TC_001_AccountRegistrationtest - ***Finished TC_001_account_registration ***
18:05:33.888 [main] INFO  testCases.TC_001_AccountRegistrationtest - ***Starting TC_001_account_registration ***
18:05:33.962 [main] INFO  testCases.TC_001_AccountRegistrationtest - clicked on myaccount
18:05:34.245 [main] INFO  testCases.TC_001_AccountRegistrationtest - clicked on register
18:05:34.248 [main] INFO  testCases.TC_001_AccountRegistrationtest - providing customer data
18:05:35.064 [main] INFO  testCases.TC_001_AccountRegistrationtest - clicked on continue
18:05:35.099 [main] INFO  testCases.TC_001_AccountRegistrationtest - validating expected message
18:05:35.100 [main] INFO  testCases.TC_001_AccountRegistrationtest - ***Finished TC_001_account_registration ***
22:26:32.420 [main] INFO  testCases.TC_001_AccountRegistrationtest - ***Starting TC_001_account_registration ***
22:26:32.516 [main] INFO  testCases.TC_001_AccountRegistrationtest - clicked on myaccount
22:26:32.790 [main] INFO  testCases.TC_001_AccountRegistrationtest - clicked on register
22:26:32.793 [main] INFO  testCases.TC_001_AccountRegistrationtest - providing customer data
22:26:33.580 [main] INFO  testCases.TC_001_AccountRegistrationtest - clicked on continue
22:26:33.619 [main] INFO  testCases.TC_001_AccountRegistrationtest - validating expected message
22:26:33.620 [main] INFO  testCases.TC_001_AccountRegistrationtest - ***Finished TC_001_account_registration ***
22:35:08.189 [main] INFO  testCases.TC_001_AccountRegistrationtest - ***Starting TC_001_account_registration ***
22:35:08.275 [main] INFO  testCases.TC_001_AccountRegistrationtest - clicked on myaccount
22:35:08.528 [main] INFO  testCases.TC_001_AccountRegistrationtest - clicked on register
22:35:08.534 [main] INFO  testCases.TC_001_AccountRegistrationtest - providing customer data
22:35:09.164 [main] INFO  testCases.TC_001_AccountRegistrationtest - clicked on continue
22:35:19.185 [main] INFO  testCases.TC_001_AccountRegistrationtest - validating expected message
22:37:41.438 [main] INFO  testCases.TC_001_AccountRegistrationtest - ***Starting TC_001_account_registration ***
22:37:41.522 [main] INFO  testCases.TC_001_AccountRegistrationtest - clicked on myaccount
22:37:41.829 [main] INFO  testCases.TC_001_AccountRegistrationtest - clicked on register
22:37:41.832 [main] INFO  testCases.TC_001_AccountRegistrationtest - providing customer data
22:37:42.464 [main] INFO  testCases.TC_001_AccountRegistrationtest - clicked on continue
22:37:52.491 [main] INFO  testCases.TC_001_AccountRegistrationtest - validating expected message
22:38:22.774 [main] INFO  testCases.TC_001_AccountRegistrationtest - ***Starting TC_001_account_registration ***
22:38:22.870 [main] INFO  testCases.TC_001_AccountRegistrationtest - clicked on myaccount
22:38:23.123 [main] INFO  testCases.TC_001_AccountRegistrationtest - clicked on register
22:38:23.125 [main] INFO  testCases.TC_001_AccountRegistrationtest - providing customer data
22:38:23.864 [main] INFO  testCases.TC_001_AccountRegistrationtest - clicked on continue
22:38:23.905 [main] INFO  testCases.TC_001_AccountRegistrationtest - validating expected message
22:38:23.906 [main] INFO  testCases.TC_001_AccountRegistrationtest - ***Finished TC_001_account_registration ***
22:40:08.808 [main] INFO  testCases.TC_001_AccountRegistrationtest - ***Starting TC_001_account_registration ***
22:40:08.930 [main] INFO  testCases.TC_001_AccountRegistrationtest - clicked on myaccount
22:40:09.160 [main] INFO  testCases.TC_001_AccountRegistrationtest - clicked on register
22:40:09.162 [main] INFO  testCases.TC_001_AccountRegistrationtest - providing customer data
22:40:09.809 [main] INFO  testCases.TC_001_AccountRegistrationtest - clicked on continue
22:40:19.830 [main] INFO  testCases.TC_001_AccountRegistrationtest - validating expected message
22:58:56.098 [main] INFO  testCases.TC_002_Logintest - ***Starting TC_002_Logintest***
09:41:26.045 [main] INFO  testCases.TC_002_Logintest - ***Starting TC_002_Logintest***
09:43:56.806 [main] INFO  testCases.TC_002_Logintest - ***Starting TC_002_Logintest***
09:45:38.651 [main] INFO  testCases.TC_002_Logintest - ***Starting TC_002_Logintest***
09:47:06.057 [main] INFO  testCases.TC_002_Logintest - ***Starting TC_002_Logintest***
09:54:35.124 [main] INFO  testCases.TC_002_Logintest - ***Starting TC_002_Logintest***
10:42:39.828 [main] INFO  testCases.TC_002_Logintest - ***Starting TC_002_Logintest***
10:46:15.022 [main] INFO  testCases.TC_002_Logintest - ***Starting TC_002_Logintest***
10:50:53.719 [main] INFO  testCases.TC_002_Logintest - ***Starting TC_002_Logintest***
10:50:54.482 [main] INFO  testCases.TC_002_Logintest - ***Finished_TC_002_Logintest***
16:14:15.602 [main] INFO  testCases.TC_003_Login_DDT - ***Strating Login Test DDt***
16:14:16.555 [main] INFO  testCases.TC_003_Login_DDT - ***finished Login Test DDt***
16:14:16.584 [main] INFO  testCases.TC_003_Login_DDT - ***Strating Login Test DDt***
16:14:27.170 [main] INFO  testCases.TC_003_Login_DDT - ***finished Login Test DDt***
16:14:27.174 [main] INFO  testCases.TC_003_Login_DDT - ***Strating Login Test DDt***
16:14:37.856 [main] INFO  testCases.TC_003_Login_DDT - ***finished Login Test DDt***
16:14:37.860 [main] INFO  testCases.TC_003_Login_DDT - ***Strating Login Test DDt***
16:14:48.458 [main] INFO  testCases.TC_003_Login_DDT - ***finished Login Test DDt***
16:14:48.462 [main] INFO  testCases.TC_003_Login_DDT - ***Strating Login Test DDt***
16:14:49.260 [main] INFO  testCases.TC_003_Login_DDT - ***finished Login Test DDt***
20:58:33.332 [main] INFO  testCases.TC_001_AccountRegistrationtest - ***Starting TC_001_account_registration ***
20:58:33.399 [main] INFO  testCases.TC_001_AccountRegistrationtest - clicked on myaccount
20:58:33.662 [main] INFO  testCases.TC_001_AccountRegistrationtest - clicked on register
20:58:33.664 [main] INFO  testCases.TC_001_AccountRegistrationtest - providing customer data
20:58:34.297 [main] INFO  testCases.TC_001_AccountRegistrationtest - clicked on continue
20:58:44.336 [main] INFO  testCases.TC_001_AccountRegistrationtest - validating expected message
20:58:51.769 [main] INFO  testCases.TC_002_Logintest - ***Starting TC_002_Logintest***
20:58:52.490 [main] INFO  testCases.TC_002_Logintest - ***Finished_TC_002_Logintest***
20:59:48.325 [main] INFO  testCases.TC_001_AccountRegistrationtest - ***Starting TC_001_account_registration ***
20:59:48.399 [main] INFO  testCases.TC_001_AccountRegistrationtest - clicked on myaccount
20:59:48.656 [main] INFO  testCases.TC_001_AccountRegistrationtest - clicked on register
20:59:48.661 [main] INFO  testCases.TC_001_AccountRegistrationtest - providing customer data
20:59:49.438 [main] INFO  testCases.TC_001_AccountRegistrationtest - clicked on continue
20:59:49.481 [main] INFO  testCases.TC_001_AccountRegistrationtest - validating expected message
20:59:49.482 [main] INFO  testCases.TC_001_AccountRegistrationtest - ***Finished TC_001_account_registration ***
20:59:56.725 [main] INFO  testCases.TC_002_Logintest - ***Starting TC_002_Logintest***
20:59:57.532 [main] INFO  testCases.TC_002_Logintest - ***Finished_TC_002_Logintest***
21:04:54.178 [main] INFO  testCases.TC_001_AccountRegistrationtest - ***Starting TC_001_account_registration ***
21:04:54.267 [main] INFO  testCases.TC_001_AccountRegistrationtest - clicked on myaccount
21:04:54.563 [main] INFO  testCases.TC_001_AccountRegistrationtest - clicked on register
21:04:54.566 [main] INFO  testCases.TC_001_AccountRegistrationtest - providing customer data
21:04:55.236 [main] INFO  testCases.TC_001_AccountRegistrationtest - clicked on continue
21:05:05.317 [main] INFO  testCases.TC_001_AccountRegistrationtest - validating expected message
21:05:17.851 [main] INFO  testCases.TC_002_Logintest - ***Starting TC_002_Logintest***
21:05:18.599 [main] INFO  testCases.TC_002_Logintest - ***Finished_TC_002_Logintest***
21:30:04.720 [main] INFO  testCases.TC_001_AccountRegistrationtest - ***Starting TC_001_account_registration ***
21:30:04.797 [main] INFO  testCases.TC_001_AccountRegistrationtest - clicked on myaccount
21:30:05.147 [main] INFO  testCases.TC_001_AccountRegistrationtest - clicked on register
21:30:05.151 [main] INFO  testCases.TC_001_AccountRegistrationtest - providing customer data
21:30:06.085 [main] INFO  testCases.TC_001_AccountRegistrationtest - clicked on continue
21:30:06.178 [main] INFO  testCases.TC_001_AccountRegistrationtest - validating expected message
21:30:06.180 [main] INFO  testCases.TC_001_AccountRegistrationtest - ***Finished TC_001_account_registration ***
21:30:18.313 [main] INFO  testCases.TC_002_Logintest - ***Starting TC_002_Logintest***
21:30:19.221 [main] INFO  testCases.TC_002_Logintest - ***Finished_TC_002_Logintest***
21:31:15.313 [main] INFO  testCases.TC_003_Login_DDT - ***Strating Login Test DDt***
21:31:16.535 [main] INFO  testCases.TC_003_Login_DDT - ***finished Login Test DDt***
21:31:16.556 [main] INFO  testCases.TC_003_Login_DDT - ***Strating Login Test DDt***
21:31:27.261 [main] INFO  testCases.TC_003_Login_DDT - ***finished Login Test DDt***
21:31:27.267 [main] INFO  testCases.TC_003_Login_DDT - ***Strating Login Test DDt***
21:31:38.059 [main] INFO  testCases.TC_003_Login_DDT - ***finished Login Test DDt***
21:31:38.062 [main] INFO  testCases.TC_003_Login_DDT - ***Strating Login Test DDt***
21:31:48.878 [main] INFO  testCases.TC_003_Login_DDT - ***finished Login Test DDt***
21:31:48.882 [main] INFO  testCases.TC_003_Login_DDT - ***Strating Login Test DDt***
21:31:49.985 [main] INFO  testCases.TC_003_Login_DDT - ***finished Login Test DDt***
21:46:09.261 [main] INFO  testCases.TC_001_AccountRegistrationtest - ***Starting TC_001_account_registration ***
21:46:09.352 [main] INFO  testCases.TC_001_AccountRegistrationtest - clicked on myaccount
21:46:09.597 [main] INFO  testCases.TC_001_AccountRegistrationtest - clicked on register
21:46:09.600 [main] INFO  testCases.TC_001_AccountRegistrationtest - providing customer data
21:46:10.354 [main] INFO  testCases.TC_001_AccountRegistrationtest - clicked on continue
21:46:10.387 [main] INFO  testCases.TC_001_AccountRegistrationtest - validating expected message
21:46:10.388 [main] INFO  testCases.TC_001_AccountRegistrationtest - ***Finished TC_001_account_registration ***
21:46:12.721 [main] INFO  testCases.TC_002_Logintest - ***Starting TC_002_Logintest***
21:46:13.500 [main] INFO  testCases.TC_002_Logintest - ***Finished_TC_002_Logintest***
21:49:19.948 [main] INFO  testCases.TC_002_Logintest - ***Starting TC_002_Logintest***
21:49:20.684 [main] INFO  testCases.TC_002_Logintest - ***Finished_TC_002_Logintest***
21:55:15.587 [main] INFO  testCases.TC_001_AccountRegistrationtest - ***Starting TC_001_account_registration ***
21:55:15.683 [main] INFO  testCases.TC_001_AccountRegistrationtest - clicked on myaccount
21:55:16.045 [main] INFO  testCases.TC_001_AccountRegistrationtest - clicked on register
21:55:16.048 [main] INFO  testCases.TC_001_AccountRegistrationtest - providing customer data
21:55:16.814 [main] INFO  testCases.TC_001_AccountRegistrationtest - clicked on continue
21:55:16.860 [main] INFO  testCases.TC_001_AccountRegistrationtest - validating expected message
21:55:19.702 [main] INFO  testCases.TC_002_Logintest - ***Starting TC_002_Logintest***
21:55:20.459 [main] INFO  testCases.TC_002_Logintest - ***Finished_TC_002_Logintest***
21:57:47.363 [main] INFO  testCases.TC_001_AccountRegistrationtest - ***Starting TC_001_account_registration ***
21:57:47.500 [main] INFO  testCases.TC_001_AccountRegistrationtest - clicked on myaccount
21:57:47.744 [main] INFO  testCases.TC_001_AccountRegistrationtest - clicked on register
21:57:47.746 [main] INFO  testCases.TC_001_AccountRegistrationtest - providing customer data
21:57:48.533 [main] INFO  testCases.TC_001_AccountRegistrationtest - clicked on continue
21:57:48.575 [main] INFO  testCases.TC_001_AccountRegistrationtest - validating expected message
21:57:48.577 [main] INFO  testCases.TC_001_AccountRegistrationtest - ***Finished TC_001_account_registration ***
22:00:15.901 [main] INFO  testCases.TC_001_AccountRegistrationtest - ***Starting TC_001_account_registration ***
22:00:16.041 [main] INFO  testCases.TC_001_AccountRegistrationtest - clicked on myaccount
22:00:16.272 [main] INFO  testCases.TC_001_AccountRegistrationtest - clicked on register
22:00:16.274 [main] INFO  testCases.TC_001_AccountRegistrationtest - providing customer data
22:00:16.974 [main] INFO  testCases.TC_001_AccountRegistrationtest - clicked on continue
22:00:17.021 [main] INFO  testCases.TC_001_AccountRegistrationtest - validating expected message
22:00:17.023 [main] INFO  testCases.TC_001_AccountRegistrationtest - ***Finished TC_001_account_registration ***
22:00:19.336 [main] INFO  testCases.TC_002_Logintest - ***Starting TC_002_Logintest***
22:02:15.844 [main] INFO  testCases.TC_002_Logintest - ***Starting TC_002_Logintest***
22:02:16.641 [main] INFO  testCases.TC_002_Logintest - ***Finished_TC_002_Logintest***
11:11:54.455 [main] INFO  testCases.TC_001_AccountRegistrationtest - ***Starting TC_001_account_registration ***
11:11:54.529 [main] INFO  testCases.TC_001_AccountRegistrationtest - clicked on myaccount
11:11:54.807 [main] INFO  testCases.TC_001_AccountRegistrationtest - clicked on register
11:11:54.810 [main] INFO  testCases.TC_001_AccountRegistrationtest - providing customer data
11:11:55.619 [main] INFO  testCases.TC_001_AccountRegistrationtest - clicked on continue
11:11:55.656 [main] INFO  testCases.TC_001_AccountRegistrationtest - validating expected message
11:11:55.657 [main] INFO  testCases.TC_001_AccountRegistrationtest - ***Finished TC_001_account_registration ***
11:12:07.635 [main] INFO  testCases.TC_002_Logintest - ***Starting TC_002_Logintest***
11:12:08.359 [main] INFO  testCases.TC_002_Logintest - ***Finished_TC_002_Logintest***
17:06:51.435 [main] INFO  testCases.TC_001_AccountRegistrationtest - ***Starting TC_001_account_registration ***
17:06:51.520 [main] INFO  testCases.TC_001_AccountRegistrationtest - clicked on myaccount
17:06:51.797 [main] INFO  testCases.TC_001_AccountRegistrationtest - clicked on register
17:06:51.799 [main] INFO  testCases.TC_001_AccountRegistrationtest - providing customer data
17:06:52.526 [main] INFO  testCases.TC_001_AccountRegistrationtest - clicked on continue
17:06:52.563 [main] INFO  testCases.TC_001_AccountRegistrationtest - validating expected message
17:06:52.564 [main] INFO  testCases.TC_001_AccountRegistrationtest - ***Finished TC_001_account_registration ***
17:06:54.700 [main] INFO  testCases.TC_002_Logintest - ***Starting TC_002_Logintest***
17:06:55.396 [main] INFO  testCases.TC_002_Logintest - ***Finished_TC_002_Logintest***
22:37:39.227 [main] INFO  testCases.TC_001_AccountRegistrationtest - ***Starting TC_001_account_registration ***
22:37:39.293 [main] INFO  testCases.TC_001_AccountRegistrationtest - clicked on myaccount
22:37:39.522 [main] INFO  testCases.TC_001_AccountRegistrationtest - clicked on register
22:37:39.524 [main] INFO  testCases.TC_001_AccountRegistrationtest - providing customer data
22:37:40.220 [main] INFO  testCases.TC_001_AccountRegistrationtest - clicked on continue
22:37:40.255 [main] INFO  testCases.TC_001_AccountRegistrationtest - validating expected message
22:37:40.257 [main] INFO  testCases.TC_001_AccountRegistrationtest - ***Finished TC_001_account_registration ***
22:37:47.345 [main] INFO  testCases.TC_002_Logintest - ***Starting TC_002_Logintest***
22:37:48.024 [main] INFO  testCases.TC_002_Logintest - ***Finished_TC_002_Logintest***
22:44:03.103 [main] INFO  testCases.TC_001_AccountRegistrationtest - ***Starting TC_001_account_registration ***
22:44:03.163 [main] INFO  testCases.TC_001_AccountRegistrationtest - clicked on myaccount
22:44:08.410 [main] INFO  testCases.TC_001_AccountRegistrationtest - clicked on register
22:44:08.413 [main] INFO  testCases.TC_001_AccountRegistrationtest - providing customer data
22:44:09.138 [main] INFO  testCases.TC_001_AccountRegistrationtest - clicked on continue
22:44:09.181 [main] INFO  testCases.TC_001_AccountRegistrationtest - validating expected message
22:44:09.182 [main] INFO  testCases.TC_001_AccountRegistrationtest - ***Finished TC_001_account_registration ***
22:44:11.376 [main] INFO  testCases.TC_002_Logintest - ***Starting TC_002_Logintest***
22:44:12.109 [main] INFO  testCases.TC_002_Logintest - ***Finished_TC_002_Logintest***
